<?xml version="1.0" encoding="UTF-8"?>
<coverage generated="1777031242425" clover="3.2.0">
  <project timestamp="1777031242426" name="All files">
    <metrics statements="288" coveredstatements="285" conditionals="88" coveredconditionals="74" methods="69" coveredmethods="69" elements="445" coveredelements="428" complexity="0" loc="288" ncloc="288" packages="1" files="5" classes="5"/>
    <file name="autocomplete.js" path="/Users/tysonross/Documents/GitHub/untitled-micro-mmo/src/autocomplete.js">
      <metrics statements="33" coveredstatements="33" conditionals="18" coveredconditionals="15" methods="13" coveredmethods="13"/>
      <line num="6" count="1" type="stmt"/>
      <line num="13" count="1" type="stmt"/>
      <line num="36" count="44" type="stmt"/>
      <line num="38" count="44" type="stmt"/>
      <line num="39" count="44" type="cond" truecount="2" falsecount="0"/>
      <line num="40" count="22" type="stmt"/>
      <line num="43" count="22" type="stmt"/>
      <line num="44" count="22" type="stmt"/>
      <line num="45" count="22" type="stmt"/>
      <line num="49" count="22" type="stmt"/>
      <line num="50" count="418" type="stmt"/>
      <line num="52" count="25" type="stmt"/>
      <line num="60" count="22" type="cond" truecount="4" falsecount="0"/>
      <line num="61" count="8" type="stmt"/>
      <line num="62" count="6" type="stmt"/>
      <line num="63" count="6" type="stmt"/>
      <line num="64" count="2" type="stmt"/>
      <line num="69" count="8" type="stmt"/>
      <line num="71" count="15" type="cond" truecount="1" falsecount="1"/>
      <line num="72" count="15" type="stmt"/>
      <line num="74" count="15" type="stmt"/>
      <line num="76" count="11" type="stmt"/>
      <line num="84" count="6" type="cond" truecount="2" falsecount="0"/>
      <line num="85" count="6" type="stmt"/>
      <line num="86" count="10" type="stmt"/>
      <line num="88" count="8" type="stmt"/>
      <line num="96" count="6" type="stmt"/>
      <line num="97" count="6" type="stmt"/>
      <line num="98" count="15" type="cond" truecount="1" falsecount="1"/>
      <line num="99" count="15" type="cond" truecount="2" falsecount="0"/>
      <line num="100" count="10" type="stmt"/>
      <line num="105" count="10" type="cond" truecount="1" falsecount="1"/>
      <line num="108" count="6" type="stmt"/>
    </file>
    <file name="crypto.js" path="/Users/tysonross/Documents/GitHub/untitled-micro-mmo/src/crypto.js">
      <metrics statements="60" coveredstatements="58" conditionals="28" coveredconditionals="20" methods="11" coveredmethods="11"/>
      <line num="6" count="5" type="stmt"/>
      <line num="7" count="5" type="stmt"/>
      <line num="14" count="1" type="cond" truecount="1" falsecount="1"/>
      <line num="15" count="1" type="stmt"/>
      <line num="21" count="0" type="stmt"/>
      <line num="31" count="1" type="cond" truecount="1" falsecount="1"/>
      <line num="32" count="1" type="cond" truecount="1" falsecount="1"/>
      <line num="33" count="1" type="stmt"/>
      <line num="34" count="1" type="stmt"/>
      <line num="36" count="0" type="stmt"/>
      <line num="49" count="2" type="cond" truecount="2" falsecount="0"/>
      <line num="50" count="1" type="stmt"/>
      <line num="51" count="1" type="stmt"/>
      <line num="52" count="3" type="stmt"/>
      <line num="54" count="1" type="stmt"/>
      <line num="64" count="1" type="stmt"/>
      <line num="77" count="16" type="stmt"/>
      <line num="78" count="16" type="stmt"/>
      <line num="80" count="16" type="cond" truecount="2" falsecount="0"/>
      <line num="81" count="1" type="stmt"/>
      <line num="86" count="1" type="stmt"/>
      <line num="88" count="15" type="stmt"/>
      <line num="89" count="15" type="cond" truecount="1" falsecount="1"/>
      <line num="93" count="15" type="cond" truecount="1" falsecount="1"/>
      <line num="94" count="15" type="stmt"/>
      <line num="95" count="15" type="stmt"/>
      <line num="96" count="15" type="stmt"/>
      <line num="97" count="15" type="stmt"/>
      <line num="116" count="19" type="stmt"/>
      <line num="117" count="19" type="stmt"/>
      <line num="119" count="19" type="cond" truecount="2" falsecount="0"/>
      <line num="120" count="2" type="stmt"/>
      <line num="121" count="5" type="stmt"/>
      <line num="122" count="2" type="stmt"/>
      <line num="129" count="1" type="stmt"/>
      <line num="130" count="1" type="stmt"/>
      <line num="133" count="17" type="stmt"/>
      <line num="134" count="17" type="stmt"/>
      <line num="135" count="17" type="cond" truecount="1" falsecount="1"/>
      <line num="137" count="17" type="stmt"/>
      <line num="138" count="17" type="stmt"/>
      <line num="139" count="16" type="stmt"/>
      <line num="147" count="32" type="stmt"/>
      <line num="148" count="32" type="stmt"/>
      <line num="149" count="32" type="cond" truecount="2" falsecount="0"/>
      <line num="150" count="1" type="stmt"/>
      <line num="151" count="1" type="stmt"/>
      <line num="152" count="2" type="stmt"/>
      <line num="154" count="31" type="stmt"/>
      <line num="155" count="31" type="stmt"/>
      <line num="167" count="7" type="cond" truecount="2" falsecount="0"/>
      <line num="168" count="12" type="stmt"/>
      <line num="170" count="6" type="stmt"/>
      <line num="171" count="6" type="stmt"/>
      <line num="172" count="6" type="stmt"/>
      <line num="173" count="7" type="stmt"/>
      <line num="174" count="7" type="cond" truecount="2" falsecount="0"/>
      <line num="175" count="7" type="stmt"/>
      <line num="177" count="6" type="stmt"/>
      <line num="179" count="6" type="stmt"/>
    </file>
    <file name="iblt.js" path="/Users/tysonross/Documents/GitHub/untitled-micro-mmo/src/iblt.js">
      <metrics statements="67" coveredstatements="67" conditionals="15" coveredconditionals="15" methods="15" coveredmethods="15"/>
      <line num="8" count="18" type="stmt"/>
      <line num="9" count="18" type="stmt"/>
      <line num="11" count="18" type="stmt"/>
      <line num="12" count="18" type="stmt"/>
      <line num="13" count="18" type="stmt"/>
      <line num="17" count="321" type="stmt"/>
      <line num="18" count="321" type="stmt"/>
      <line num="19" count="321" type="stmt"/>
      <line num="20" count="321" type="stmt"/>
      <line num="21" count="321" type="stmt"/>
      <line num="25" count="57" type="stmt"/>
      <line num="29" count="73" type="stmt"/>
      <line num="30" count="73" type="stmt"/>
      <line num="31" count="547" type="stmt"/>
      <line num="33" count="73" type="stmt"/>
      <line num="37" count="55" type="cond" truecount="2" falsecount="0"/>
      <line num="38" count="55" type="stmt"/>
      <line num="39" count="55" type="stmt"/>
      <line num="40" count="55" type="stmt"/>
      <line num="41" count="220" type="stmt"/>
      <line num="43" count="55" type="stmt"/>
      <line num="44" count="171" type="stmt"/>
      <line num="45" count="171" type="stmt"/>
      <line num="46" count="171" type="stmt"/>
      <line num="51" count="4" type="stmt"/>
      <line num="52" count="4" type="stmt"/>
      <line num="53" count="196" type="stmt"/>
      <line num="54" count="196" type="stmt"/>
      <line num="55" count="196" type="stmt"/>
      <line num="57" count="4" type="stmt"/>
      <line num="61" count="4" type="stmt"/>
      <line num="62" count="4" type="stmt"/>
      <line num="63" count="4" type="stmt"/>
      <line num="65" count="4" type="stmt"/>
      <line num="66" count="234" type="cond" truecount="2" falsecount="0"/>
      <line num="67" count="26" type="stmt"/>
      <line num="68" count="26" type="stmt"/>
      <line num="70" count="26" type="stmt"/>
      <line num="73" count="4" type="stmt"/>
      <line num="74" count="196" type="cond" truecount="2" falsecount="0"/>
      <line num="77" count="4" type="stmt"/>
      <line num="78" count="18" type="stmt"/>
      <line num="79" count="18" type="cond" truecount="2" falsecount="0"/>
      <line num="81" count="5" type="stmt"/>
      <line num="82" count="5" type="stmt"/>
      <line num="83" count="5" type="stmt"/>
      <line num="84" count="5" type="stmt"/>
      <line num="86" count="5" type="cond" truecount="2" falsecount="0"/>
      <line num="87" count="2" type="stmt"/>
      <line num="89" count="5" type="stmt"/>
      <line num="90" count="5" type="stmt"/>
      <line num="91" count="20" type="stmt"/>
      <line num="93" count="5" type="stmt"/>
      <line num="94" count="20" type="stmt"/>
      <line num="95" count="20" type="stmt"/>
      <line num="96" count="20" type="stmt"/>
      <line num="97" count="20" type="cond" truecount="2" falsecount="0"/>
      <line num="101" count="193" type="stmt"/>
      <line num="102" count="4" type="stmt"/>
      <line num="106" count="2" type="stmt"/>
      <line num="108" count="128" type="stmt"/>
      <line num="109" count="128" type="stmt"/>
      <line num="114" count="2" type="stmt"/>
      <line num="115" count="2" type="stmt"/>
      <line num="116" count="128" type="stmt"/>
      <line num="117" count="128" type="stmt"/>
      <line num="118" count="2" type="stmt"/>
    </file>
    <file name="packer.js" path="/Users/tysonross/Documents/GitHub/untitled-micro-mmo/src/packer.js">
      <metrics statements="60" coveredstatements="60" conditionals="10" coveredconditionals="8" methods="10" coveredmethods="10"/>
      <line num="6" count="3" type="stmt"/>
      <line num="7" count="3" type="stmt"/>
      <line num="9" count="3" type="stmt"/>
      <line num="10" count="2" type="stmt"/>
      <line num="11" count="2" type="stmt"/>
      <line num="12" count="2" type="stmt"/>
      <line num="13" count="2" type="stmt"/>
      <line num="16" count="3" type="stmt"/>
      <line num="21" count="3" type="stmt"/>
      <line num="22" count="1" type="stmt"/>
      <line num="23" count="1" type="cond" truecount="1" falsecount="1"/>
      <line num="26" count="3" type="stmt"/>
      <line num="40" count="3" type="stmt"/>
      <line num="41" count="10" type="stmt"/>
      <line num="42" count="10" type="stmt"/>
      <line num="45" count="10" type="stmt"/>
      <line num="46" count="10" type="stmt"/>
      <line num="48" count="10" type="stmt"/>
      <line num="51" count="10" type="cond" truecount="2" falsecount="0"/>
      <line num="52" count="10" type="stmt"/>
      <line num="53" count="40" type="stmt"/>
      <line num="56" count="10" type="stmt"/>
      <line num="57" count="10" type="stmt"/>
      <line num="60" count="10" type="cond" truecount="1" falsecount="1"/>
      <line num="61" count="10" type="stmt"/>
      <line num="62" count="10" type="stmt"/>
      <line num="65" count="640" type="stmt"/>
      <line num="66" count="10" type="stmt"/>
      <line num="68" count="10" type="stmt"/>
      <line num="71" count="3" type="stmt"/>
      <line num="72" count="5" type="stmt"/>
      <line num="75" count="5" type="stmt"/>
      <line num="76" count="16" type="cond" truecount="2" falsecount="0"/>
      <line num="77" count="5" type="stmt"/>
      <line num="79" count="5" type="stmt"/>
      <line num="82" count="5" type="stmt"/>
      <line num="83" count="20" type="stmt"/>
      <line num="85" count="5" type="stmt"/>
      <line num="86" count="5" type="stmt"/>
      <line num="89" count="5" type="stmt"/>
      <line num="90" count="5" type="stmt"/>
      <line num="91" count="5" type="stmt"/>
      <line num="94" count="5" type="stmt"/>
      <line num="96" count="5" type="stmt"/>
      <line num="106" count="3" type="stmt"/>
      <line num="107" count="2" type="stmt"/>
      <line num="108" count="2" type="stmt"/>
      <line num="109" count="2" type="stmt"/>
      <line num="110" count="2" type="stmt"/>
      <line num="111" count="2" type="stmt"/>
      <line num="112" count="128" type="stmt"/>
      <line num="113" count="2" type="stmt"/>
      <line num="114" count="2" type="stmt"/>
      <line num="117" count="3" type="stmt"/>
      <line num="118" count="1" type="stmt"/>
      <line num="119" count="1" type="stmt"/>
      <line num="120" count="1" type="stmt"/>
      <line num="121" count="1" type="stmt"/>
      <line num="122" count="1" type="stmt"/>
      <line num="123" count="1" type="stmt"/>
    </file>
    <file name="rules.js" path="/Users/tysonross/Documents/GitHub/untitled-micro-mmo/src/rules.js">
      <metrics statements="68" coveredstatements="67" conditionals="17" coveredconditionals="16" methods="20" coveredmethods="20"/>
      <line num="7" count="1438" type="stmt"/>
      <line num="8" count="1438" type="cond" truecount="1" falsecount="0"/>
      <line num="9" count="2770" type="stmt"/>
      <line num="10" count="2770" type="stmt"/>
      <line num="11" count="2770" type="stmt"/>
      <line num="12" count="2770" type="stmt"/>
      <line num="13" count="2770" type="cond" truecount="2" falsecount="0"/>
      <line num="18" count="1355" type="stmt"/>
      <line num="19" count="1355" type="stmt"/>
      <line num="20" count="30300" type="stmt"/>
      <line num="21" count="30300" type="stmt"/>
      <line num="22" count="30300" type="stmt"/>
      <line num="24" count="1355" type="stmt"/>
      <line num="29" count="4" type="stmt"/>
      <line num="30" count="4" type="stmt"/>
      <line num="33" count="231" type="stmt"/>
      <line num="37" count="219" type="stmt"/>
      <line num="42" count="4" type="stmt"/>
      <line num="77" count="4" type="stmt"/>
      <line num="85" count="4" type="stmt"/>
      <line num="87" count="4" type="stmt"/>
      <line num="95" count="2" type="stmt"/>
      <line num="96" count="2" type="cond" truecount="2" falsecount="0"/>
      <line num="101" count="4" type="stmt"/>
      <line num="108" count="1113" type="stmt"/>
      <line num="109" count="1113" type="cond" truecount="2" falsecount="0"/>
      <line num="110" count="1113" type="stmt"/>
      <line num="111" count="1113" type="stmt"/>
      <line num="112" count="2258" type="stmt"/>
      <line num="113" count="2258" type="cond" truecount="2" falsecount="0"/>
      <line num="115" count="0" type="stmt"/>
      <line num="120" count="4" type="stmt"/>
      <line num="123" count="220" type="stmt"/>
      <line num="124" count="220" type="stmt"/>
      <line num="126" count="220" type="stmt"/>
      <line num="127" count="1100" type="stmt"/>
      <line num="128" count="1100" type="stmt"/>
      <line num="130" count="220" type="stmt"/>
      <line num="135" count="4" type="stmt"/>
      <line num="136" count="4" type="stmt"/>
      <line num="139" count="4" type="stmt"/>
      <line num="140" count="102" type="stmt"/>
      <line num="142" count="349" type="stmt"/>
      <line num="143" count="349" type="cond" truecount="2" falsecount="0"/>
      <line num="144" count="349" type="stmt"/>
      <line num="145" count="978" type="stmt"/>
      <line num="146" count="349" type="cond" truecount="2" falsecount="0"/>
      <line num="150" count="231" type="stmt"/>
      <line num="154" count="215" type="stmt"/>
      <line num="155" count="215" type="stmt"/>
      <line num="156" count="215" type="stmt"/>
      <line num="167" count="4" type="stmt"/>
      <line num="177" count="43" type="stmt"/>
      <line num="178" count="43" type="stmt"/>
      <line num="183" count="4" type="stmt"/>
      <line num="189" count="4" type="stmt"/>
      <line num="200" count="36" type="stmt"/>
      <line num="201" count="36" type="stmt"/>
      <line num="205" count="22" type="stmt"/>
      <line num="206" count="22" type="cond" truecount="1" falsecount="1"/>
      <line num="207" count="64" type="stmt"/>
      <line num="211" count="9" type="stmt"/>
      <line num="215" count="4" type="stmt"/>
      <line num="222" count="4" type="stmt"/>
      <line num="233" count="4" type="stmt"/>
      <line num="234" count="8" type="stmt"/>
      <line num="238" count="4" type="stmt"/>
      <line num="284" count="3" type="cond" truecount="2" falsecount="0"/>
    </file>
  </project>
</coverage>
