{"/Users/tysonross/Documents/GitHub/untitled-micro-mmo/src/autocomplete.js": {"path":"/Users/tysonross/Documents/GitHub/untitled-micro-mmo/src/autocomplete.js","statementMap":{"0":{"start":{"line":6,"column":21},"end":{"line":10,"column":1}},"1":{"start":{"line":13,"column":24},"end":{"line":17,"column":2}},"2":{"start":{"line":36,"column":18},"end":{"line":36,"column":66}},"3":{"start":{"line":38,"column":21},"end":{"line":38,"column":39}},"4":{"start":{"line":39,"column":4},"end":{"line":41,"column":5}},"5":{"start":{"line":40,"column":8},"end":{"line":40,"column":44}},"6":{"start":{"line":43,"column":16},"end":{"line":43,"column":40}},"7":{"start":{"line":44,"column":16},"end":{"line":44,"column":41}},"8":{"start":{"line":45,"column":4},"end":{"line":45,"column":44}},"9":{"start":{"line":49,"column":4},"end":{"line":56,"column":12}},"10":{"start":{"line":50,"column":21},"end":{"line":50,"column":42}},"11":{"start":{"line":52,"column":19},"end":{"line":56,"column":9}},"12":{"start":{"line":60,"column":4},"end":{"line":65,"column":5}},"13":{"start":{"line":61,"column":23},"end":{"line":61,"column":59}},"14":{"start":{"line":62,"column":23},"end":{"line":62,"column":59}},"15":{"start":{"line":63,"column":23},"end":{"line":63,"column":61}},"16":{"start":{"line":64,"column":23},"end":{"line":64,"column":33}},"17":{"start":{"line":69,"column":4},"end":{"line":80,"column":12}},"18":{"start":{"line":71,"column":25},"end":{"line":71,"column":46}},"19":{"start":{"line":72,"column":12},"end":{"line":72,"column":63}},"20":{"start":{"line":74,"column":35},"end":{"line":74,"column":60}},"21":{"start":{"line":76,"column":39},"end":{"line":80,"column":9}},"22":{"start":{"line":84,"column":18},"end":{"line":84,"column":59}},"23":{"start":{"line":85,"column":4},"end":{"line":92,"column":12}},"24":{"start":{"line":86,"column":23},"end":{"line":86,"column":42}},"25":{"start":{"line":88,"column":21},"end":{"line":92,"column":9}},"26":{"start":{"line":96,"column":20},"end":{"line":96,"column":22}},"27":{"start":{"line":97,"column":4},"end":{"line":107,"column":5}},"28":{"start":{"line":98,"column":21},"end":{"line":98,"column":37}},"29":{"start":{"line":99,"column":8},"end":{"line":106,"column":9}},"30":{"start":{"line":100,"column":12},"end":{"line":104,"column":15}},"31":{"start":{"line":105,"column":12},"end":{"line":105,"column":43}},"32":{"start":{"line":105,"column":37},"end":{"line":105,"column":43}},"33":{"start":{"line":108,"column":4},"end":{"line":108,"column":19}}},"fnMap":{"0":{"name":"getSuggestions","decl":{"start":{"line":35,"column":16},"end":{"line":35,"column":30}},"loc":{"start":{"line":35,"column":41},"end":{"line":46,"column":1}},"line":35},"1":{"name":"getCommandSuggestions","decl":{"start":{"line":48,"column":9},"end":{"line":48,"column":30}},"loc":{"start":{"line":48,"column":40},"end":{"line":57,"column":1}},"line":48},"2":{"name":"(anonymous_2)","decl":{"start":{"line":50,"column":16},"end":{"line":50,"column":17}},"loc":{"start":{"line":50,"column":21},"end":{"line":50,"column":42}},"line":50},"3":{"name":"(anonymous_3)","decl":{"start":{"line":52,"column":13},"end":{"line":52,"column":14}},"loc":{"start":{"line":52,"column":19},"end":{"line":56,"column":9}},"line":52},"4":{"name":"getArgSuggestions","decl":{"start":{"line":59,"column":9},"end":{"line":59,"column":26}},"loc":{"start":{"line":59,"column":42},"end":{"line":66,"column":1}},"line":59},"5":{"name":"getItemSuggestions","decl":{"start":{"line":68,"column":9},"end":{"line":68,"column":27}},"loc":{"start":{"line":68,"column":55},"end":{"line":81,"column":1}},"line":68},"6":{"name":"(anonymous_6)","decl":{"start":{"line":70,"column":13},"end":{"line":70,"column":14}},"loc":{"start":{"line":70,"column":19},"end":{"line":73,"column":9}},"line":70},"7":{"name":"(anonymous_7)","decl":{"start":{"line":74,"column":16},"end":{"line":74,"column":17}},"loc":{"start":{"line":74,"column":35},"end":{"line":74,"column":60}},"line":74},"8":{"name":"(anonymous_8)","decl":{"start":{"line":76,"column":13},"end":{"line":76,"column":14}},"loc":{"start":{"line":76,"column":39},"end":{"line":80,"column":9}},"line":76},"9":{"name":"getMoveSuggestions","decl":{"start":{"line":83,"column":9},"end":{"line":83,"column":27}},"loc":{"start":{"line":83,"column":54},"end":{"line":93,"column":1}},"line":83},"10":{"name":"(anonymous_10)","decl":{"start":{"line":86,"column":16},"end":{"line":86,"column":17}},"loc":{"start":{"line":86,"column":23},"end":{"line":86,"column":42}},"line":86},"11":{"name":"(anonymous_11)","decl":{"start":{"line":88,"column":13},"end":{"line":88,"column":14}},"loc":{"start":{"line":88,"column":21},"end":{"line":92,"column":9}},"line":88},"12":{"name":"getPlayerSuggestions","decl":{"start":{"line":95,"column":9},"end":{"line":95,"column":29}},"loc":{"start":{"line":95,"column":48},"end":{"line":109,"column":1}},"line":95}},"branchMap":{"0":{"loc":{"start":{"line":39,"column":4},"end":{"line":41,"column":5}},"type":"if","locations":[{"start":{"line":39,"column":4},"end":{"line":41,"column":5}},{"start":{},"end":{}}],"line":39},"1":{"loc":{"start":{"line":54,"column":18},"end":{"line":54,"column":54}},"type":"cond-expr","locations":[{"start":{"line":54,"column":43},"end":{"line":54,"column":44}},{"start":{"line":54,"column":47},"end":{"line":54,"column":54}}],"line":54},"2":{"loc":{"start":{"line":60,"column":4},"end":{"line":65,"column":5}},"type":"switch","locations":[{"start":{"line":61,"column":8},"end":{"line":61,"column":59}},{"start":{"line":62,"column":8},"end":{"line":62,"column":59}},{"start":{"line":63,"column":8},"end":{"line":63,"column":61}},{"start":{"line":64,"column":8},"end":{"line":64,"column":33}}],"line":60},"3":{"loc":{"start":{"line":71,"column":25},"end":{"line":71,"column":46}},"type":"binary-expr","locations":[{"start":{"line":71,"column":25},"end":{"line":71,"column":40}},{"start":{"line":71,"column":44},"end":{"line":71,"column":46}}],"line":71},"4":{"loc":{"start":{"line":84,"column":30},"end":{"line":84,"column":58}},"type":"binary-expr","locations":[{"start":{"line":84,"column":30},"end":{"line":84,"column":52}},{"start":{"line":84,"column":56},"end":{"line":84,"column":58}}],"line":84},"5":{"loc":{"start":{"line":98,"column":21},"end":{"line":98,"column":37}},"type":"binary-expr","locations":[{"start":{"line":98,"column":21},"end":{"line":98,"column":31}},{"start":{"line":98,"column":35},"end":{"line":98,"column":37}}],"line":98},"6":{"loc":{"start":{"line":99,"column":8},"end":{"line":106,"column":9}},"type":"if","locations":[{"start":{"line":99,"column":8},"end":{"line":106,"column":9}},{"start":{},"end":{}}],"line":99},"7":{"loc":{"start":{"line":105,"column":12},"end":{"line":105,"column":43}},"type":"if","locations":[{"start":{"line":105,"column":12},"end":{"line":105,"column":43}},{"start":{},"end":{}}],"line":105}},"s":{"0":1,"1":1,"2":44,"3":44,"4":44,"5":22,"6":22,"7":22,"8":22,"9":22,"10":418,"11":25,"12":22,"13":8,"14":6,"15":6,"16":2,"17":8,"18":15,"19":15,"20":15,"21":11,"22":6,"23":6,"24":10,"25":8,"26":6,"27":6,"28":15,"29":15,"30":10,"31":10,"32":0,"33":6},"f":{"0":44,"1":22,"2":418,"3":25,"4":22,"5":8,"6":15,"7":15,"8":11,"9":6,"10":10,"11":8,"12":6},"b":{"0":[22,22],"1":[20,5],"2":[8,6,6,2],"3":[15,0],"4":[6,1],"5":[15,0],"6":[10,5],"7":[0,10]},"_coverageSchema":"1a1c01bbd47fc00a2c39e90264f33305004495a9","hash":"2973a35b4f2e4003ba10d4436ac23c2c81aa9863"}
,"/Users/tysonross/Documents/GitHub/untitled-micro-mmo/src/crypto.js": {"path":"/Users/tysonross/Documents/GitHub/untitled-micro-mmo/src/crypto.js","statementMap":{"0":{"start":{"line":6,"column":20},"end":{"line":6,"column":49}},"1":{"start":{"line":7,"column":23},"end":{"line":7,"column":44}},"2":{"start":{"line":7,"column":32},"end":{"line":7,"column":44}},"3":{"start":{"line":14,"column":4},"end":{"line":20,"column":5}},"4":{"start":{"line":15,"column":8},"end":{"line":19,"column":10}},"5":{"start":{"line":21,"column":4},"end":{"line":21,"column":16}},"6":{"start":{"line":31,"column":4},"end":{"line":35,"column":5}},"7":{"start":{"line":32,"column":23},"end":{"line":32,"column":63}},"8":{"start":{"line":33,"column":25},"end":{"line":33,"column":74}},"9":{"start":{"line":34,"column":8},"end":{"line":34,"column":70}},"10":{"start":{"line":36,"column":4},"end":{"line":36,"column":16}},"11":{"start":{"line":49,"column":4},"end":{"line":65,"column":5}},"12":{"start":{"line":50,"column":23},"end":{"line":50,"column":35}},"13":{"start":{"line":51,"column":22},"end":{"line":51,"column":51}},"14":{"start":{"line":52,"column":8},"end":{"line":52,"column":80}},"15":{"start":{"line":52,"column":21},"end":{"line":52,"column":22}},"16":{"start":{"line":52,"column":48},"end":{"line":52,"column":80}},"17":{"start":{"line":54,"column":8},"end":{"line":60,"column":10}},"18":{"start":{"line":64,"column":8},"end":{"line":64,"column":45}},"19":{"start":{"line":77,"column":20},"end":{"line":77,"column":37}},"20":{"start":{"line":78,"column":17},"end":{"line":78,"column":40}},"21":{"start":{"line":80,"column":4},"end":{"line":98,"column":5}},"22":{"start":{"line":81,"column":26},"end":{"line":85,"column":9}},"23":{"start":{"line":86,"column":8},"end":{"line":86,"column":71}},"24":{"start":{"line":88,"column":43},"end":{"line":88,"column":65}},"25":{"start":{"line":89,"column":20},"end":{"line":89,"column":99}},"26":{"start":{"line":93,"column":21},"end":{"line":93,"column":66}},"27":{"start":{"line":94,"column":28},"end":{"line":94,"column":82}},"28":{"start":{"line":95,"column":23},"end":{"line":95,"column":114}},"29":{"start":{"line":96,"column":26},"end":{"line":96,"column":50}},"30":{"start":{"line":97,"column":8},"end":{"line":97,"column":44}},"31":{"start":{"line":116,"column":20},"end":{"line":116,"column":37}},"32":{"start":{"line":117,"column":17},"end":{"line":117,"column":40}},"33":{"start":{"line":119,"column":4},"end":{"line":140,"column":5}},"34":{"start":{"line":120,"column":8},"end":{"line":131,"column":9}},"35":{"start":{"line":121,"column":30},"end":{"line":121,"column":103}},"36":{"start":{"line":121,"column":86},"end":{"line":121,"column":101}},"37":{"start":{"line":122,"column":12},"end":{"line":127,"column":14}},"38":{"start":{"line":129,"column":12},"end":{"line":129,"column":58}},"39":{"start":{"line":130,"column":12},"end":{"line":130,"column":25}},"40":{"start":{"line":133,"column":44},"end":{"line":133,"column":66}},"41":{"start":{"line":134,"column":26},"end":{"line":134,"column":64}},"42":{"start":{"line":135,"column":20},"end":{"line":135,"column":96}},"43":{"start":{"line":137,"column":27},"end":{"line":137,"column":73}},"44":{"start":{"line":138,"column":23},"end":{"line":138,"column":110}},"45":{"start":{"line":139,"column":8},"end":{"line":139,"column":53}},"46":{"start":{"line":147,"column":20},"end":{"line":147,"column":37}},"47":{"start":{"line":148,"column":17},"end":{"line":148,"column":40}},"48":{"start":{"line":149,"column":4},"end":{"line":156,"column":5}},"49":{"start":{"line":150,"column":27},"end":{"line":150,"column":77}},"50":{"start":{"line":151,"column":26},"end":{"line":151,"column":64}},"51":{"start":{"line":152,"column":8},"end":{"line":152,"column":76}},"52":{"start":{"line":152,"column":34},"end":{"line":152,"column":65}},"53":{"start":{"line":154,"column":31},"end":{"line":154,"column":53}},"54":{"start":{"line":155,"column":8},"end":{"line":155,"column":63}},"55":{"start":{"line":167,"column":4},"end":{"line":167,"column":39}},"56":{"start":{"line":167,"column":29},"end":{"line":167,"column":39}},"57":{"start":{"line":168,"column":17},"end":{"line":168,"column":67}},"58":{"start":{"line":168,"column":51},"end":{"line":168,"column":65}},"59":{"start":{"line":170,"column":4},"end":{"line":178,"column":5}},"60":{"start":{"line":171,"column":26},"end":{"line":171,"column":28}},"61":{"start":{"line":172,"column":8},"end":{"line":176,"column":9}},"62":{"start":{"line":172,"column":21},"end":{"line":172,"column":22}},"63":{"start":{"line":173,"column":25},"end":{"line":173,"column":34}},"64":{"start":{"line":174,"column":26},"end":{"line":174,"column":52}},"65":{"start":{"line":175,"column":12},"end":{"line":175,"column":60}},"66":{"start":{"line":177,"column":8},"end":{"line":177,"column":27}},"67":{"start":{"line":179,"column":4},"end":{"line":179,"column":21}}},"fnMap":{"0":{"name":"(anonymous_0)","decl":{"start":{"line":7,"column":23},"end":{"line":7,"column":24}},"loc":{"start":{"line":7,"column":32},"end":{"line":7,"column":44}},"line":7},"1":{"name":"generateKeyPair","decl":{"start":{"line":13,"column":22},"end":{"line":13,"column":37}},"loc":{"start":{"line":13,"column":40},"end":{"line":22,"column":1}},"line":13},"2":{"name":"exportKey","decl":{"start":{"line":30,"column":22},"end":{"line":30,"column":31}},"loc":{"start":{"line":30,"column":37},"end":{"line":37,"column":1}},"line":30},"3":{"name":"importKey","decl":{"start":{"line":48,"column":22},"end":{"line":48,"column":31}},"loc":{"start":{"line":48,"column":46},"end":{"line":66,"column":1}},"line":48},"4":{"name":"signMessage","decl":{"start":{"line":76,"column":22},"end":{"line":76,"column":33}},"loc":{"start":{"line":76,"column":55},"end":{"line":99,"column":1}},"line":76},"5":{"name":"verifyMessage","decl":{"start":{"line":115,"column":22},"end":{"line":115,"column":35}},"loc":{"start":{"line":115,"column":73},"end":{"line":141,"column":1}},"line":115},"6":{"name":"(anonymous_6)","decl":{"start":{"line":121,"column":81},"end":{"line":121,"column":82}},"loc":{"start":{"line":121,"column":86},"end":{"line":121,"column":101}},"line":121},"7":{"name":"computeHash","decl":{"start":{"line":146,"column":22},"end":{"line":146,"column":33}},"loc":{"start":{"line":146,"column":43},"end":{"line":157,"column":1}},"line":146},"8":{"name":"(anonymous_8)","decl":{"start":{"line":152,"column":29},"end":{"line":152,"column":30}},"loc":{"start":{"line":152,"column":34},"end":{"line":152,"column":65}},"line":152},"9":{"name":"createMerkleRoot","decl":{"start":{"line":166,"column":22},"end":{"line":166,"column":38}},"loc":{"start":{"line":166,"column":47},"end":{"line":180,"column":1}},"line":166},"10":{"name":"(anonymous_10)","decl":{"start":{"line":168,"column":46},"end":{"line":168,"column":47}},"loc":{"start":{"line":168,"column":51},"end":{"line":168,"column":65}},"line":168}},"branchMap":{"0":{"loc":{"start":{"line":14,"column":4},"end":{"line":20,"column":5}},"type":"if","locations":[{"start":{"line":14,"column":4},"end":{"line":20,"column":5}},{"start":{},"end":{}}],"line":14},"1":{"loc":{"start":{"line":31,"column":4},"end":{"line":35,"column":5}},"type":"if","locations":[{"start":{"line":31,"column":4},"end":{"line":35,"column":5}},{"start":{},"end":{}}],"line":31},"2":{"loc":{"start":{"line":32,"column":23},"end":{"line":32,"column":63}},"type":"cond-expr","locations":[{"start":{"line":32,"column":48},"end":{"line":32,"column":55}},{"start":{"line":32,"column":58},"end":{"line":32,"column":63}}],"line":32},"3":{"loc":{"start":{"line":49,"column":4},"end":{"line":65,"column":5}},"type":"if","locations":[{"start":{"line":49,"column":4},"end":{"line":65,"column":5}},{"start":{"line":61,"column":11},"end":{"line":65,"column":5}}],"line":49},"4":{"loc":{"start":{"line":55,"column":12},"end":{"line":55,"column":48}},"type":"cond-expr","locations":[{"start":{"line":55,"column":33},"end":{"line":55,"column":40}},{"start":{"line":55,"column":43},"end":{"line":55,"column":48}}],"line":55},"5":{"loc":{"start":{"line":59,"column":12},"end":{"line":59,"column":54}},"type":"cond-expr","locations":[{"start":{"line":59,"column":33},"end":{"line":59,"column":41}},{"start":{"line":59,"column":44},"end":{"line":59,"column":54}}],"line":59},"6":{"loc":{"start":{"line":80,"column":4},"end":{"line":98,"column":5}},"type":"if","locations":[{"start":{"line":80,"column":4},"end":{"line":98,"column":5}},{"start":{"line":87,"column":11},"end":{"line":98,"column":5}}],"line":80},"7":{"loc":{"start":{"line":89,"column":20},"end":{"line":89,"column":99}},"type":"cond-expr","locations":[{"start":{"line":89,"column":53},"end":{"line":89,"column":86}},{"start":{"line":89,"column":89},"end":{"line":89,"column":99}}],"line":89},"8":{"loc":{"start":{"line":93,"column":21},"end":{"line":93,"column":66}},"type":"cond-expr","locations":[{"start":{"line":93,"column":41},"end":{"line":93,"column":60}},{"start":{"line":93,"column":63},"end":{"line":93,"column":66}}],"line":93},"9":{"loc":{"start":{"line":119,"column":4},"end":{"line":140,"column":5}},"type":"if","locations":[{"start":{"line":119,"column":4},"end":{"line":140,"column":5}},{"start":{"line":132,"column":11},"end":{"line":140,"column":5}}],"line":119},"10":{"loc":{"start":{"line":135,"column":20},"end":{"line":135,"column":96}},"type":"cond-expr","locations":[{"start":{"line":135,"column":52},"end":{"line":135,"column":84}},{"start":{"line":135,"column":87},"end":{"line":135,"column":96}}],"line":135},"11":{"loc":{"start":{"line":149,"column":4},"end":{"line":156,"column":5}},"type":"if","locations":[{"start":{"line":149,"column":4},"end":{"line":156,"column":5}},{"start":{"line":153,"column":11},"end":{"line":156,"column":5}}],"line":149},"12":{"loc":{"start":{"line":167,"column":4},"end":{"line":167,"column":39}},"type":"if","locations":[{"start":{"line":167,"column":4},"end":{"line":167,"column":39}},{"start":{},"end":{}}],"line":167},"13":{"loc":{"start":{"line":174,"column":26},"end":{"line":174,"column":52}},"type":"binary-expr","locations":[{"start":{"line":174,"column":26},"end":{"line":174,"column":39}},{"start":{"line":174,"column":43},"end":{"line":174,"column":52}}],"line":174}},"s":{"0":5,"1":5,"2":2,"3":1,"4":1,"5":0,"6":1,"7":1,"8":1,"9":1,"10":0,"11":2,"12":1,"13":1,"14":1,"15":1,"16":3,"17":1,"18":1,"19":16,"20":16,"21":16,"22":1,"23":1,"24":15,"25":15,"26":15,"27":15,"28":15,"29":15,"30":15,"31":19,"32":19,"33":19,"34":2,"35":2,"36":5,"37":2,"38":1,"39":1,"40":17,"41":17,"42":17,"43":17,"44":17,"45":16,"46":32,"47":32,"48":32,"49":1,"50":1,"51":1,"52":2,"53":31,"54":31,"55":7,"56":1,"57":6,"58":12,"59":6,"60":6,"61":6,"62":6,"63":7,"64":7,"65":7,"66":6,"67":6},"f":{"0":2,"1":1,"2":1,"3":2,"4":16,"5":19,"6":5,"7":32,"8":2,"9":7,"10":12},"b":{"0":[1,0],"1":[1,0],"2":[0,1],"3":[1,1],"4":[0,1],"5":[0,1],"6":[1,15],"7":[15,0],"8":[0,15],"9":[2,17],"10":[17,0],"11":[1,31],"12":[1,6],"13":[7,1]},"_coverageSchema":"1a1c01bbd47fc00a2c39e90264f33305004495a9","hash":"f2baf6f467a1e4aaa9b8296419dbb2f99eadbb72"}
,"/Users/tysonross/Documents/GitHub/untitled-micro-mmo/src/iblt.js": {"path":"/Users/tysonross/Documents/GitHub/untitled-micro-mmo/src/iblt.js","statementMap":{"0":{"start":{"line":8,"column":8},"end":{"line":8,"column":25}},"1":{"start":{"line":9,"column":8},"end":{"line":9,"column":35}},"2":{"start":{"line":11,"column":8},"end":{"line":11,"column":42}},"3":{"start":{"line":12,"column":8},"end":{"line":12,"column":47}},"4":{"start":{"line":13,"column":8},"end":{"line":13,"column":48}},"5":{"start":{"line":17,"column":16},"end":{"line":17,"column":42}},"6":{"start":{"line":18,"column":8},"end":{"line":18,"column":51}},"7":{"start":{"line":19,"column":8},"end":{"line":19,"column":51}},"8":{"start":{"line":20,"column":8},"end":{"line":20,"column":27}},"9":{"start":{"line":21,"column":8},"end":{"line":21,"column":17}},"10":{"start":{"line":25,"column":8},"end":{"line":25,"column":31}},"11":{"start":{"line":29,"column":16},"end":{"line":29,"column":18}},"12":{"start":{"line":30,"column":8},"end":{"line":32,"column":9}},"13":{"start":{"line":30,"column":21},"end":{"line":30,"column":22}},"14":{"start":{"line":31,"column":12},"end":{"line":31,"column":75}},"15":{"start":{"line":33,"column":8},"end":{"line":33,"column":17}},"16":{"start":{"line":37,"column":20},"end":{"line":37,"column":99}},"17":{"start":{"line":38,"column":24},"end":{"line":38,"column":64}},"18":{"start":{"line":39,"column":24},"end":{"line":39,"column":33}},"19":{"start":{"line":40,"column":8},"end":{"line":42,"column":9}},"20":{"start":{"line":40,"column":21},"end":{"line":40,"column":22}},"21":{"start":{"line":41,"column":12},"end":{"line":41,"column":100}},"22":{"start":{"line":43,"column":8},"end":{"line":47,"column":9}},"23":{"start":{"line":44,"column":12},"end":{"line":44,"column":30}},"24":{"start":{"line":45,"column":12},"end":{"line":45,"column":78}},"25":{"start":{"line":46,"column":12},"end":{"line":46,"column":84}},"26":{"start":{"line":51,"column":20},"end":{"line":51,"column":49}},"27":{"start":{"line":52,"column":8},"end":{"line":56,"column":9}},"28":{"start":{"line":52,"column":21},"end":{"line":52,"column":22}},"29":{"start":{"line":53,"column":12},"end":{"line":53,"column":51}},"30":{"start":{"line":54,"column":12},"end":{"line":54,"column":78}},"31":{"start":{"line":55,"column":12},"end":{"line":55,"column":81}},"32":{"start":{"line":57,"column":8},"end":{"line":57,"column":19}},"33":{"start":{"line":61,"column":22},"end":{"line":61,"column":24}},"34":{"start":{"line":62,"column":24},"end":{"line":62,"column":26}},"35":{"start":{"line":63,"column":28},"end":{"line":63,"column":30}},"36":{"start":{"line":65,"column":23},"end":{"line":71,"column":9}},"37":{"start":{"line":66,"column":12},"end":{"line":66,"column":50}},"38":{"start":{"line":66,"column":37},"end":{"line":66,"column":50}},"39":{"start":{"line":67,"column":24},"end":{"line":67,"column":38}},"40":{"start":{"line":68,"column":28},"end":{"line":68,"column":43}},"41":{"start":{"line":70,"column":12},"end":{"line":70,"column":74}},"42":{"start":{"line":73,"column":8},"end":{"line":75,"column":9}},"43":{"start":{"line":73,"column":21},"end":{"line":73,"column":22}},"44":{"start":{"line":74,"column":12},"end":{"line":74,"column":47}},"45":{"start":{"line":74,"column":27},"end":{"line":74,"column":47}},"46":{"start":{"line":77,"column":8},"end":{"line":99,"column":9}},"47":{"start":{"line":78,"column":22},"end":{"line":78,"column":39}},"48":{"start":{"line":79,"column":12},"end":{"line":79,"column":37}},"49":{"start":{"line":79,"column":28},"end":{"line":79,"column":37}},"50":{"start":{"line":81,"column":22},"end":{"line":81,"column":35}},"51":{"start":{"line":82,"column":25},"end":{"line":82,"column":37}},"52":{"start":{"line":83,"column":24},"end":{"line":83,"column":38}},"53":{"start":{"line":84,"column":28},"end":{"line":84,"column":43}},"54":{"start":{"line":86,"column":12},"end":{"line":87,"column":35}},"55":{"start":{"line":86,"column":26},"end":{"line":86,"column":42}},"56":{"start":{"line":87,"column":17},"end":{"line":87,"column":35}},"57":{"start":{"line":89,"column":28},"end":{"line":89,"column":37}},"58":{"start":{"line":90,"column":12},"end":{"line":92,"column":13}},"59":{"start":{"line":90,"column":25},"end":{"line":90,"column":26}},"60":{"start":{"line":91,"column":16},"end":{"line":91,"column":104}},"61":{"start":{"line":93,"column":12},"end":{"line":98,"column":13}},"62":{"start":{"line":94,"column":16},"end":{"line":94,"column":40}},"63":{"start":{"line":95,"column":16},"end":{"line":95,"column":82}},"64":{"start":{"line":96,"column":16},"end":{"line":96,"column":88}},"65":{"start":{"line":97,"column":16},"end":{"line":97,"column":55}},"66":{"start":{"line":97,"column":33},"end":{"line":97,"column":55}},"67":{"start":{"line":101,"column":24},"end":{"line":101,"column":54}},"68":{"start":{"line":101,"column":46},"end":{"line":101,"column":53}},"69":{"start":{"line":102,"column":8},"end":{"line":102,"column":43}},"70":{"start":{"line":106,"column":8},"end":{"line":110,"column":10}},"71":{"start":{"line":108,"column":53},"end":{"line":108,"column":65}},"72":{"start":{"line":109,"column":55},"end":{"line":109,"column":67}},"73":{"start":{"line":114,"column":20},"end":{"line":114,"column":58}},"74":{"start":{"line":115,"column":8},"end":{"line":115,"column":47}},"75":{"start":{"line":116,"column":8},"end":{"line":116,"column":73}},"76":{"start":{"line":116,"column":61},"end":{"line":116,"column":70}},"77":{"start":{"line":117,"column":8},"end":{"line":117,"column":75}},"78":{"start":{"line":117,"column":63},"end":{"line":117,"column":72}},"79":{"start":{"line":118,"column":8},"end":{"line":118,"column":19}}},"fnMap":{"0":{"name":"(anonymous_0)","decl":{"start":{"line":7,"column":4},"end":{"line":7,"column":5}},"loc":{"start":{"line":7,"column":42},"end":{"line":14,"column":5}},"line":7},"1":{"name":"(anonymous_1)","decl":{"start":{"line":16,"column":4},"end":{"line":16,"column":5}},"loc":{"start":{"line":16,"column":21},"end":{"line":22,"column":5}},"line":16},"2":{"name":"(anonymous_2)","decl":{"start":{"line":24,"column":4},"end":{"line":24,"column":5}},"loc":{"start":{"line":24,"column":17},"end":{"line":26,"column":5}},"line":24},"3":{"name":"(anonymous_3)","decl":{"start":{"line":28,"column":4},"end":{"line":28,"column":5}},"loc":{"start":{"line":28,"column":22},"end":{"line":34,"column":5}},"line":28},"4":{"name":"(anonymous_4)","decl":{"start":{"line":36,"column":4},"end":{"line":36,"column":5}},"loc":{"start":{"line":36,"column":15},"end":{"line":48,"column":5}},"line":36},"5":{"name":"(anonymous_5)","decl":{"start":{"line":50,"column":4},"end":{"line":50,"column":5}},"loc":{"start":{"line":50,"column":26},"end":{"line":58,"column":5}},"line":50},"6":{"name":"(anonymous_6)","decl":{"start":{"line":60,"column":4},"end":{"line":60,"column":5}},"loc":{"start":{"line":60,"column":13},"end":{"line":103,"column":5}},"line":60},"7":{"name":"(anonymous_7)","decl":{"start":{"line":65,"column":23},"end":{"line":65,"column":24}},"loc":{"start":{"line":65,"column":30},"end":{"line":71,"column":9}},"line":65},"8":{"name":"(anonymous_8)","decl":{"start":{"line":101,"column":41},"end":{"line":101,"column":42}},"loc":{"start":{"line":101,"column":46},"end":{"line":101,"column":53}},"line":101},"9":{"name":"(anonymous_9)","decl":{"start":{"line":105,"column":4},"end":{"line":105,"column":5}},"loc":{"start":{"line":105,"column":16},"end":{"line":111,"column":5}},"line":105},"10":{"name":"(anonymous_10)","decl":{"start":{"line":108,"column":48},"end":{"line":108,"column":49}},"loc":{"start":{"line":108,"column":53},"end":{"line":108,"column":65}},"line":108},"11":{"name":"(anonymous_11)","decl":{"start":{"line":109,"column":50},"end":{"line":109,"column":51}},"loc":{"start":{"line":109,"column":55},"end":{"line":109,"column":67}},"line":109},"12":{"name":"(anonymous_12)","decl":{"start":{"line":113,"column":4},"end":{"line":113,"column":5}},"loc":{"start":{"line":113,"column":47},"end":{"line":119,"column":5}},"line":113},"13":{"name":"(anonymous_13)","decl":{"start":{"line":116,"column":56},"end":{"line":116,"column":57}},"loc":{"start":{"line":116,"column":61},"end":{"line":116,"column":70}},"line":116},"14":{"name":"(anonymous_14)","decl":{"start":{"line":117,"column":58},"end":{"line":117,"column":59}},"loc":{"start":{"line":117,"column":63},"end":{"line":117,"column":72}},"line":117}},"branchMap":{"0":{"loc":{"start":{"line":7,"column":16},"end":{"line":7,"column":25}},"type":"default-arg","locations":[{"start":{"line":7,"column":23},"end":{"line":7,"column":25}}],"line":7},"1":{"loc":{"start":{"line":7,"column":27},"end":{"line":7,"column":40}},"type":"default-arg","locations":[{"start":{"line":7,"column":39},"end":{"line":7,"column":40}}],"line":7},"2":{"loc":{"start":{"line":37,"column":21},"end":{"line":37,"column":76}},"type":"cond-expr","locations":[{"start":{"line":37,"column":46},"end":{"line":37,"column":63}},{"start":{"line":37,"column":66},"end":{"line":37,"column":76}}],"line":37},"3":{"loc":{"start":{"line":66,"column":12},"end":{"line":66,"column":50}},"type":"if","locations":[{"start":{"line":66,"column":12},"end":{"line":66,"column":50}},{"start":{},"end":{}}],"line":66},"4":{"loc":{"start":{"line":74,"column":12},"end":{"line":74,"column":47}},"type":"if","locations":[{"start":{"line":74,"column":12},"end":{"line":74,"column":47}},{"start":{},"end":{}}],"line":74},"5":{"loc":{"start":{"line":79,"column":12},"end":{"line":79,"column":37}},"type":"if","locations":[{"start":{"line":79,"column":12},"end":{"line":79,"column":37}},{"start":{},"end":{}}],"line":79},"6":{"loc":{"start":{"line":86,"column":12},"end":{"line":87,"column":35}},"type":"if","locations":[{"start":{"line":86,"column":12},"end":{"line":87,"column":35}},{"start":{"line":87,"column":17},"end":{"line":87,"column":35}}],"line":86},"7":{"loc":{"start":{"line":97,"column":16},"end":{"line":97,"column":55}},"type":"if","locations":[{"start":{"line":97,"column":16},"end":{"line":97,"column":55}},{"start":{},"end":{}}],"line":97},"8":{"loc":{"start":{"line":113,"column":32},"end":{"line":113,"column":45}},"type":"default-arg","locations":[{"start":{"line":113,"column":44},"end":{"line":113,"column":45}}],"line":113}},"s":{"0":18,"1":18,"2":18,"3":18,"4":18,"5":321,"6":321,"7":321,"8":321,"9":321,"10":57,"11":73,"12":73,"13":73,"14":547,"15":73,"16":55,"17":55,"18":55,"19":55,"20":55,"21":220,"22":55,"23":171,"24":171,"25":171,"26":4,"27":4,"28":4,"29":196,"30":196,"31":196,"32":4,"33":4,"34":4,"35":4,"36":4,"37":234,"38":208,"39":26,"40":26,"41":26,"42":4,"43":4,"44":196,"45":16,"46":4,"47":18,"48":18,"49":13,"50":5,"51":5,"52":5,"53":5,"54":5,"55":3,"56":2,"57":5,"58":5,"59":5,"60":20,"61":5,"62":20,"63":20,"64":20,"65":20,"66":2,"67":4,"68":193,"69":4,"70":2,"71":128,"72":128,"73":2,"74":2,"75":2,"76":128,"77":2,"78":128,"79":2},"f":{"0":18,"1":321,"2":57,"3":73,"4":55,"5":4,"6":4,"7":234,"8":193,"9":2,"10":128,"11":128,"12":2,"13":128,"14":128},"b":{"0":[10],"1":[12],"2":[54,1],"3":[208,26],"4":[16,180],"5":[13,5],"6":[3,2],"7":[2,18],"8":[2]},"_coverageSchema":"1a1c01bbd47fc00a2c39e90264f33305004495a9","hash":"05d35d4e5328867868ed97a4c2efc75735f36ded"}
,"/Users/tysonross/Documents/GitHub/untitled-micro-mmo/src/packer.js": {"path":"/Users/tysonross/Documents/GitHub/untitled-micro-mmo/src/packer.js","statementMap":{"0":{"start":{"line":6,"column":17},"end":{"line":6,"column":90}},"1":{"start":{"line":7,"column":18},"end":{"line":7,"column":74}},"2":{"start":{"line":9,"column":24},"end":{"line":14,"column":1}},"3":{"start":{"line":10,"column":16},"end":{"line":10,"column":33}},"4":{"start":{"line":11,"column":4},"end":{"line":11,"column":36}},"5":{"start":{"line":12,"column":4},"end":{"line":12,"column":34}},"6":{"start":{"line":13,"column":4},"end":{"line":13,"column":15}},"7":{"start":{"line":16,"column":26},"end":{"line":19,"column":2}},"8":{"start":{"line":16,"column":36},"end":{"line":19,"column":1}},"9":{"start":{"line":21,"column":25},"end":{"line":24,"column":1}},"10":{"start":{"line":22,"column":16},"end":{"line":22,"column":44}},"11":{"start":{"line":23,"column":4},"end":{"line":23,"column":52}},"12":{"start":{"line":26,"column":27},"end":{"line":28,"column":2}},"13":{"start":{"line":26,"column":37},"end":{"line":28,"column":1}},"14":{"start":{"line":40,"column":28},"end":{"line":69,"column":1}},"15":{"start":{"line":41,"column":16},"end":{"line":41,"column":34}},"16":{"start":{"line":42,"column":17},"end":{"line":42,"column":41}},"17":{"start":{"line":45,"column":20},"end":{"line":45,"column":65}},"18":{"start":{"line":46,"column":4},"end":{"line":46,"column":24}},"19":{"start":{"line":48,"column":4},"end":{"line":48,"column":52}},"20":{"start":{"line":51,"column":15},"end":{"line":51,"column":33}},"21":{"start":{"line":52,"column":4},"end":{"line":54,"column":5}},"22":{"start":{"line":52,"column":17},"end":{"line":52,"column":18}},"23":{"start":{"line":53,"column":8},"end":{"line":53,"column":56}},"24":{"start":{"line":56,"column":4},"end":{"line":56,"column":31}},"25":{"start":{"line":57,"column":4},"end":{"line":57,"column":36}},"26":{"start":{"line":60,"column":15},"end":{"line":60,"column":33}},"27":{"start":{"line":61,"column":4},"end":{"line":61,"column":53}},"28":{"start":{"line":62,"column":4},"end":{"line":62,"column":41}},"29":{"start":{"line":65,"column":23},"end":{"line":65,"column":79}},"30":{"start":{"line":65,"column":63},"end":{"line":65,"column":78}},"31":{"start":{"line":66,"column":4},"end":{"line":66,"column":28}},"32":{"start":{"line":68,"column":4},"end":{"line":68,"column":15}},"33":{"start":{"line":71,"column":30},"end":{"line":97,"column":1}},"34":{"start":{"line":72,"column":17},"end":{"line":72,"column":41}},"35":{"start":{"line":75,"column":18},"end":{"line":75,"column":19}},"36":{"start":{"line":76,"column":4},"end":{"line":76,"column":57}},"37":{"start":{"line":76,"column":47},"end":{"line":76,"column":57}},"38":{"start":{"line":77,"column":17},"end":{"line":77,"column":67}},"39":{"start":{"line":79,"column":21},"end":{"line":79,"column":48}},"40":{"start":{"line":82,"column":13},"end":{"line":82,"column":15}},"41":{"start":{"line":83,"column":4},"end":{"line":83,"column":80}},"42":{"start":{"line":83,"column":17},"end":{"line":83,"column":18}},"43":{"start":{"line":83,"column":32},"end":{"line":83,"column":80}},"44":{"start":{"line":85,"column":18},"end":{"line":85,"column":35}},"45":{"start":{"line":86,"column":15},"end":{"line":86,"column":40}},"46":{"start":{"line":89,"column":19},"end":{"line":89,"column":37}},"47":{"start":{"line":90,"column":18},"end":{"line":90,"column":36}},"48":{"start":{"line":91,"column":15},"end":{"line":91,"column":43}},"49":{"start":{"line":94,"column":22},"end":{"line":94,"column":72}},"50":{"start":{"line":96,"column":4},"end":{"line":96,"column":60}},"51":{"start":{"line":106,"column":30},"end":{"line":115,"column":5}},"52":{"start":{"line":107,"column":16},"end":{"line":107,"column":34}},"53":{"start":{"line":108,"column":17},"end":{"line":108,"column":41}},"54":{"start":{"line":109,"column":4},"end":{"line":109,"column":30}},"55":{"start":{"line":110,"column":4},"end":{"line":110,"column":28}},"56":{"start":{"line":111,"column":4},"end":{"line":111,"column":36}},"57":{"start":{"line":112,"column":23},"end":{"line":112,"column":81}},"58":{"start":{"line":112,"column":64},"end":{"line":112,"column":80}},"59":{"start":{"line":113,"column":4},"end":{"line":113,"column":27}},"60":{"start":{"line":114,"column":4},"end":{"line":114,"column":15}},"61":{"start":{"line":117,"column":36},"end":{"line":124,"column":5}},"62":{"start":{"line":118,"column":17},"end":{"line":118,"column":41}},"63":{"start":{"line":119,"column":18},"end":{"line":119,"column":34}},"64":{"start":{"line":120,"column":16},"end":{"line":120,"column":32}},"65":{"start":{"line":121,"column":16},"end":{"line":121,"column":40}},"66":{"start":{"line":122,"column":22},"end":{"line":122,"column":71}},"67":{"start":{"line":123,"column":4},"end":{"line":123,"column":54}}},"fnMap":{"0":{"name":"(anonymous_0)","decl":{"start":{"line":9,"column":24},"end":{"line":9,"column":25}},"loc":{"start":{"line":9,"column":38},"end":{"line":14,"column":1}},"line":9},"1":{"name":"(anonymous_1)","decl":{"start":{"line":16,"column":26},"end":{"line":16,"column":27}},"loc":{"start":{"line":16,"column":36},"end":{"line":19,"column":1}},"line":16},"2":{"name":"(anonymous_2)","decl":{"start":{"line":21,"column":25},"end":{"line":21,"column":26}},"loc":{"start":{"line":21,"column":40},"end":{"line":24,"column":1}},"line":21},"3":{"name":"(anonymous_3)","decl":{"start":{"line":26,"column":27},"end":{"line":26,"column":28}},"loc":{"start":{"line":26,"column":37},"end":{"line":28,"column":1}},"line":26},"4":{"name":"(anonymous_4)","decl":{"start":{"line":40,"column":28},"end":{"line":40,"column":29}},"loc":{"start":{"line":40,"column":35},"end":{"line":69,"column":1}},"line":40},"5":{"name":"(anonymous_5)","decl":{"start":{"line":65,"column":58},"end":{"line":65,"column":59}},"loc":{"start":{"line":65,"column":63},"end":{"line":65,"column":78}},"line":65},"6":{"name":"(anonymous_6)","decl":{"start":{"line":71,"column":30},"end":{"line":71,"column":31}},"loc":{"start":{"line":71,"column":39},"end":{"line":97,"column":1}},"line":71},"7":{"name":"(anonymous_7)","decl":{"start":{"line":106,"column":30},"end":{"line":106,"column":31}},"loc":{"start":{"line":106,"column":37},"end":{"line":115,"column":5}},"line":106},"8":{"name":"(anonymous_8)","decl":{"start":{"line":112,"column":58},"end":{"line":112,"column":59}},"loc":{"start":{"line":112,"column":64},"end":{"line":112,"column":80}},"line":112},"9":{"name":"(anonymous_9)","decl":{"start":{"line":117,"column":36},"end":{"line":117,"column":37}},"loc":{"start":{"line":117,"column":45},"end":{"line":124,"column":5}},"line":117}},"branchMap":{"0":{"loc":{"start":{"line":23,"column":27},"end":{"line":23,"column":49}},"type":"cond-expr","locations":[{"start":{"line":23,"column":40},"end":{"line":23,"column":43}},{"start":{"line":23,"column":46},"end":{"line":23,"column":49}}],"line":23},"1":{"loc":{"start":{"line":27,"column":10},"end":{"line":27,"column":50}},"type":"binary-expr","locations":[{"start":{"line":27,"column":10},"end":{"line":27,"column":27}},{"start":{"line":27,"column":31},"end":{"line":27,"column":50}}],"line":27},"2":{"loc":{"start":{"line":51,"column":15},"end":{"line":51,"column":33}},"type":"binary-expr","locations":[{"start":{"line":51,"column":15},"end":{"line":51,"column":19}},{"start":{"line":51,"column":23},"end":{"line":51,"column":33}}],"line":51},"3":{"loc":{"start":{"line":60,"column":15},"end":{"line":60,"column":33}},"type":"binary-expr","locations":[{"start":{"line":60,"column":15},"end":{"line":60,"column":19}},{"start":{"line":60,"column":23},"end":{"line":60,"column":33}}],"line":60},"4":{"loc":{"start":{"line":76,"column":11},"end":{"line":76,"column":45}},"type":"binary-expr","locations":[{"start":{"line":76,"column":11},"end":{"line":76,"column":23}},{"start":{"line":76,"column":27},"end":{"line":76,"column":45}}],"line":76}},"s":{"0":3,"1":3,"2":3,"3":2,"4":2,"5":2,"6":2,"7":3,"8":2,"9":3,"10":1,"11":1,"12":3,"13":2,"14":3,"15":10,"16":10,"17":10,"18":10,"19":10,"20":10,"21":10,"22":10,"23":40,"24":10,"25":10,"26":10,"27":10,"28":10,"29":10,"30":640,"31":10,"32":10,"33":3,"34":5,"35":5,"36":5,"37":16,"38":5,"39":5,"40":5,"41":5,"42":5,"43":20,"44":5,"45":5,"46":5,"47":5,"48":5,"49":5,"50":5,"51":3,"52":2,"53":2,"54":2,"55":2,"56":2,"57":2,"58":128,"59":2,"60":2,"61":3,"62":1,"63":1,"64":1,"65":1,"66":1,"67":1},"f":{"0":2,"1":2,"2":1,"3":2,"4":10,"5":640,"6":5,"7":2,"8":128,"9":1},"b":{"0":[0,1],"1":[2,1],"2":[10,2],"3":[10,0],"4":[21,21]},"_coverageSchema":"1a1c01bbd47fc00a2c39e90264f33305004495a9","hash":"b3beaf875209264c38165c5b38fff078e54b05e2"}
,"/Users/tysonross/Documents/GitHub/untitled-micro-mmo/src/rules.js": {"path":"/Users/tysonross/Documents/GitHub/untitled-micro-mmo/src/rules.js","statementMap":{"0":{"start":{"line":7,"column":16},"end":{"line":7,"column":24}},"1":{"start":{"line":8,"column":4},"end":{"line":14,"column":5}},"2":{"start":{"line":9,"column":8},"end":{"line":9,"column":39}},"3":{"start":{"line":10,"column":16},"end":{"line":10,"column":58}},"4":{"start":{"line":11,"column":8},"end":{"line":11,"column":51}},"5":{"start":{"line":12,"column":20},"end":{"line":12,"column":40}},"6":{"start":{"line":13,"column":8},"end":{"line":13,"column":52}},"7":{"start":{"line":18,"column":15},"end":{"line":18,"column":16}},"8":{"start":{"line":19,"column":4},"end":{"line":23,"column":5}},"9":{"start":{"line":19,"column":17},"end":{"line":19,"column":18}},"10":{"start":{"line":20,"column":21},"end":{"line":20,"column":38}},"11":{"start":{"line":21,"column":8},"end":{"line":21,"column":43}},"12":{"start":{"line":22,"column":8},"end":{"line":22,"column":18}},"13":{"start":{"line":24,"column":4},"end":{"line":24,"column":26}},"14":{"start":{"line":29,"column":23},"end":{"line":29,"column":63}},"15":{"start":{"line":30,"column":29},"end":{"line":30,"column":31}},"16":{"start":{"line":33,"column":4},"end":{"line":33,"column":68}},"17":{"start":{"line":37,"column":4},"end":{"line":37,"column":65}},"18":{"start":{"line":42,"column":30},"end":{"line":75,"column":1}},"19":{"start":{"line":77,"column":31},"end":{"line":83,"column":1}},"20":{"start":{"line":85,"column":31},"end":{"line":85,"column":77}},"21":{"start":{"line":87,"column":31},"end":{"line":92,"column":1}},"22":{"start":{"line":95,"column":21},"end":{"line":95,"column":66}},"23":{"start":{"line":96,"column":4},"end":{"line":96,"column":55}},"24":{"start":{"line":101,"column":26},"end":{"line":105,"column":1}},"25":{"start":{"line":108,"column":17},"end":{"line":108,"column":25}},"26":{"start":{"line":109,"column":24},"end":{"line":109,"column":70}},"27":{"start":{"line":110,"column":21},"end":{"line":110,"column":22}},"28":{"start":{"line":111,"column":4},"end":{"line":114,"column":5}},"29":{"start":{"line":112,"column":8},"end":{"line":112,"column":40}},"30":{"start":{"line":113,"column":8},"end":{"line":113,"column":43}},"31":{"start":{"line":113,"column":31},"end":{"line":113,"column":43}},"32":{"start":{"line":115,"column":4},"end":{"line":115,"column":23}},"33":{"start":{"line":120,"column":30},"end":{"line":120,"column":85}},"34":{"start":{"line":123,"column":18},"end":{"line":123,"column":24}},"35":{"start":{"line":124,"column":17},"end":{"line":124,"column":36}},"36":{"start":{"line":126,"column":4},"end":{"line":129,"column":5}},"37":{"start":{"line":126,"column":17},"end":{"line":126,"column":32}},"38":{"start":{"line":127,"column":18},"end":{"line":127,"column":32}},"39":{"start":{"line":128,"column":20},"end":{"line":128,"column":27}},"40":{"start":{"line":128,"column":29},"end":{"line":128,"column":47}},"41":{"start":{"line":128,"column":48},"end":{"line":128,"column":62}},"42":{"start":{"line":130,"column":4},"end":{"line":130,"column":32}},"43":{"start":{"line":135,"column":28},"end":{"line":135,"column":35}},"44":{"start":{"line":136,"column":27},"end":{"line":136,"column":131}},"45":{"start":{"line":139,"column":18},"end":{"line":139,"column":27}},"46":{"start":{"line":140,"column":31},"end":{"line":140,"column":54}},"47":{"start":{"line":140,"column":37},"end":{"line":140,"column":54}},"48":{"start":{"line":142,"column":14},"end":{"line":142,"column":38}},"49":{"start":{"line":143,"column":4},"end":{"line":143,"column":70}},"50":{"start":{"line":143,"column":16},"end":{"line":143,"column":37}},"51":{"start":{"line":143,"column":38},"end":{"line":143,"column":68}},"52":{"start":{"line":144,"column":4},"end":{"line":145,"column":86}},"53":{"start":{"line":144,"column":17},"end":{"line":144,"column":27}},"54":{"start":{"line":145,"column":8},"end":{"line":145,"column":86}},"55":{"start":{"line":146,"column":4},"end":{"line":146,"column":40}},"56":{"start":{"line":150,"column":4},"end":{"line":150,"column":44}},"57":{"start":{"line":154,"column":16},"end":{"line":154,"column":63}},"58":{"start":{"line":155,"column":19},"end":{"line":155,"column":33}},"59":{"start":{"line":156,"column":4},"end":{"line":164,"column":6}},"60":{"start":{"line":167,"column":32},"end":{"line":174,"column":1}},"61":{"start":{"line":177,"column":16},"end":{"line":177,"column":60}},"62":{"start":{"line":178,"column":4},"end":{"line":178,"column":62}},"63":{"start":{"line":183,"column":23},"end":{"line":187,"column":1}},"64":{"start":{"line":189,"column":21},"end":{"line":196,"column":1}},"65":{"start":{"line":200,"column":17},"end":{"line":200,"column":54}},"66":{"start":{"line":201,"column":4},"end":{"line":201,"column":35}},"67":{"start":{"line":205,"column":18},"end":{"line":205,"column":36}},"68":{"start":{"line":206,"column":4},"end":{"line":206,"column":26}},"69":{"start":{"line":206,"column":16},"end":{"line":206,"column":26}},"70":{"start":{"line":207,"column":4},"end":{"line":207,"column":56}},"71":{"start":{"line":207,"column":35},"end":{"line":207,"column":54}},"72":{"start":{"line":211,"column":4},"end":{"line":211,"column":58}},"73":{"start":{"line":215,"column":4},"end":{"line":219,"column":6}},"74":{"start":{"line":222,"column":36},"end":{"line":230,"column":1}},"75":{"start":{"line":233,"column":28},"end":{"line":233,"column":30}},"76":{"start":{"line":234,"column":28},"end":{"line":234,"column":97}},"77":{"start":{"line":234,"column":61},"end":{"line":234,"column":97}},"78":{"start":{"line":238,"column":21},"end":{"line":281,"column":1}},"79":{"start":{"line":284,"column":4},"end":{"line":284,"column":60}}},"fnMap":{"0":{"name":"seededRNG","decl":{"start":{"line":6,"column":16},"end":{"line":6,"column":25}},"loc":{"start":{"line":6,"column":32},"end":{"line":15,"column":1}},"line":6},"1":{"name":"(anonymous_1)","decl":{"start":{"line":8,"column":11},"end":{"line":8,"column":12}},"loc":{"start":{"line":8,"column":38},"end":{"line":14,"column":5}},"line":8},"2":{"name":"hashStr","decl":{"start":{"line":17,"column":16},"end":{"line":17,"column":23}},"loc":{"start":{"line":17,"column":29},"end":{"line":25,"column":1}},"line":17},"3":{"name":"getSeason","decl":{"start":{"line":32,"column":16},"end":{"line":32,"column":25}},"loc":{"start":{"line":32,"column":31},"end":{"line":34,"column":1}},"line":32},"4":{"name":"getSeasonNumber","decl":{"start":{"line":36,"column":16},"end":{"line":36,"column":31}},"loc":{"start":{"line":36,"column":37},"end":{"line":38,"column":1}},"line":36},"5":{"name":"transitionArc","decl":{"start":{"line":94,"column":16},"end":{"line":94,"column":29}},"loc":{"start":{"line":94,"column":42},"end":{"line":97,"column":1}},"line":94},"6":{"name":"nextMood","decl":{"start":{"line":107,"column":16},"end":{"line":107,"column":24}},"loc":{"start":{"line":107,"column":43},"end":{"line":116,"column":1}},"line":107},"7":{"name":"rollScarcity","decl":{"start":{"line":122,"column":16},"end":{"line":122,"column":28}},"loc":{"start":{"line":122,"column":42},"end":{"line":131,"column":1}},"line":122},"8":{"name":"(anonymous_8)","decl":{"start":{"line":140,"column":31},"end":{"line":140,"column":32}},"loc":{"start":{"line":140,"column":37},"end":{"line":140,"column":54}},"line":140},"9":{"name":"getMood","decl":{"start":{"line":141,"column":16},"end":{"line":141,"column":23}},"loc":{"start":{"line":141,"column":40},"end":{"line":147,"column":1}},"line":141},"10":{"name":"getThreatLevel","decl":{"start":{"line":149,"column":16},"end":{"line":149,"column":30}},"loc":{"start":{"line":149,"column":36},"end":{"line":151,"column":1}},"line":149},"11":{"name":"deriveWorldState","decl":{"start":{"line":153,"column":16},"end":{"line":153,"column":32}},"loc":{"start":{"line":153,"column":49},"end":{"line":165,"column":1}},"line":153},"12":{"name":"deriveNarrative","decl":{"start":{"line":176,"column":16},"end":{"line":176,"column":31}},"loc":{"start":{"line":176,"column":48},"end":{"line":179,"column":1}},"line":176},"13":{"name":"resolveAttack","decl":{"start":{"line":199,"column":16},"end":{"line":199,"column":29}},"loc":{"start":{"line":199,"column":60},"end":{"line":202,"column":1}},"line":199},"14":{"name":"rollLoot","decl":{"start":{"line":204,"column":16},"end":{"line":204,"column":24}},"loc":{"start":{"line":204,"column":41},"end":{"line":208,"column":1}},"line":204},"15":{"name":"(anonymous_15)","decl":{"start":{"line":207,"column":29},"end":{"line":207,"column":30}},"loc":{"start":{"line":207,"column":35},"end":{"line":207,"column":54}},"line":207},"16":{"name":"xpToLevel","decl":{"start":{"line":210,"column":16},"end":{"line":210,"column":25}},"loc":{"start":{"line":210,"column":30},"end":{"line":212,"column":1}},"line":210},"17":{"name":"levelBonus","decl":{"start":{"line":214,"column":16},"end":{"line":214,"column":26}},"loc":{"start":{"line":214,"column":34},"end":{"line":220,"column":1}},"line":214},"18":{"name":"(anonymous_18)","decl":{"start":{"line":234,"column":28},"end":{"line":234,"column":29}},"loc":{"start":{"line":234,"column":61},"end":{"line":234,"column":97}},"line":234},"19":{"name":"validateMove","decl":{"start":{"line":283,"column":16},"end":{"line":283,"column":28}},"loc":{"start":{"line":283,"column":57},"end":{"line":285,"column":1}},"line":283}},"branchMap":{"0":{"loc":{"start":{"line":8,"column":20},"end":{"line":8,"column":36}},"type":"default-arg","locations":[{"start":{"line":8,"column":26},"end":{"line":8,"column":36}}],"line":8},"1":{"loc":{"start":{"line":13,"column":15},"end":{"line":13,"column":51}},"type":"cond-expr","locations":[{"start":{"line":13,"column":36},"end":{"line":13,"column":39}},{"start":{"line":13,"column":42},"end":{"line":13,"column":51}}],"line":13},"2":{"loc":{"start":{"line":96,"column":11},"end":{"line":96,"column":54}},"type":"cond-expr","locations":[{"start":{"line":96,"column":22},"end":{"line":96,"column":48}},{"start":{"line":96,"column":51},"end":{"line":96,"column":54}}],"line":96},"3":{"loc":{"start":{"line":109,"column":24},"end":{"line":109,"column":70}},"type":"binary-expr","locations":[{"start":{"line":109,"column":24},"end":{"line":109,"column":47}},{"start":{"line":109,"column":51},"end":{"line":109,"column":70}}],"line":109},"4":{"loc":{"start":{"line":113,"column":8},"end":{"line":113,"column":43}},"type":"if","locations":[{"start":{"line":113,"column":8},"end":{"line":113,"column":43}},{"start":{},"end":{}}],"line":113},"5":{"loc":{"start":{"line":143,"column":4},"end":{"line":143,"column":70}},"type":"if","locations":[{"start":{"line":143,"column":4},"end":{"line":143,"column":70}},{"start":{},"end":{}}],"line":143},"6":{"loc":{"start":{"line":146,"column":11},"end":{"line":146,"column":39}},"type":"binary-expr","locations":[{"start":{"line":146,"column":11},"end":{"line":146,"column":23}},{"start":{"line":146,"column":27},"end":{"line":146,"column":39}}],"line":146},"7":{"loc":{"start":{"line":206,"column":4},"end":{"line":206,"column":26}},"type":"if","locations":[{"start":{"line":206,"column":4},"end":{"line":206,"column":26}},{"start":{},"end":{}}],"line":206},"8":{"loc":{"start":{"line":284,"column":11},"end":{"line":284,"column":59}},"type":"binary-expr","locations":[{"start":{"line":284,"column":11},"end":{"line":284,"column":51}},{"start":{"line":284,"column":55},"end":{"line":284,"column":59}}],"line":284}},"s":{"0":1438,"1":1438,"2":2770,"3":2770,"4":2770,"5":2770,"6":2770,"7":1355,"8":1355,"9":1355,"10":30300,"11":30300,"12":30300,"13":1355,"14":4,"15":4,"16":231,"17":219,"18":4,"19":4,"20":4,"21":4,"22":2,"23":2,"24":4,"25":1113,"26":1113,"27":1113,"28":1113,"29":2258,"30":2258,"31":1113,"32":0,"33":4,"34":220,"35":220,"36":220,"37":220,"38":1100,"39":1100,"40":1100,"41":1100,"42":220,"43":4,"44":4,"45":4,"46":4,"47":102,"48":349,"49":349,"50":27,"51":27,"52":349,"53":349,"54":978,"55":349,"56":231,"57":215,"58":215,"59":215,"60":4,"61":43,"62":43,"63":4,"64":4,"65":36,"66":36,"67":22,"68":22,"69":0,"70":22,"71":64,"72":9,"73":4,"74":4,"75":4,"76":4,"77":8,"78":4,"79":3},"f":{"0":1438,"1":2770,"2":1355,"3":231,"4":219,"5":2,"6":1113,"7":220,"8":102,"9":349,"10":231,"11":215,"12":43,"13":36,"14":22,"15":64,"16":9,"17":4,"18":8,"19":3},"b":{"0":[60],"1":[60,2710],"2":[1,1],"3":[1113,1],"4":[1113,1145],"5":[27,322],"6":[349,1],"7":[0,22],"8":[3,2]},"_coverageSchema":"1a1c01bbd47fc00a2c39e90264f33305004495a9","hash":"8f858aee48e298aefc23f4bfd4dd7b8bddd06b00"}
}
