TN:
SF:src/autocomplete.js
FN:35,getSuggestions
FN:48,getCommandSuggestions
FN:50,(anonymous_2)
FN:52,(anonymous_3)
FN:59,getArgSuggestions
FN:68,getItemSuggestions
FN:70,(anonymous_6)
FN:74,(anonymous_7)
FN:76,(anonymous_8)
FN:83,getMoveSuggestions
FN:86,(anonymous_10)
FN:88,(anonymous_11)
FN:95,getPlayerSuggestions
FNF:13
FNH:13
FNDA:44,getSuggestions
FNDA:22,getCommandSuggestions
FNDA:418,(anonymous_2)
FNDA:25,(anonymous_3)
FNDA:22,getArgSuggestions
FNDA:8,getItemSuggestions
FNDA:15,(anonymous_6)
FNDA:15,(anonymous_7)
FNDA:11,(anonymous_8)
FNDA:6,getMoveSuggestions
FNDA:10,(anonymous_10)
FNDA:8,(anonymous_11)
FNDA:6,getPlayerSuggestions
DA:6,1
DA:13,1
DA:36,44
DA:38,44
DA:39,44
DA:40,22
DA:43,22
DA:44,22
DA:45,22
DA:49,22
DA:50,418
DA:52,25
DA:60,22
DA:61,8
DA:62,6
DA:63,6
DA:64,2
DA:69,8
DA:71,15
DA:72,15
DA:74,15
DA:76,11
DA:84,6
DA:85,6
DA:86,10
DA:88,8
DA:96,6
DA:97,6
DA:98,15
DA:99,15
DA:100,10
DA:105,10
DA:108,6
LF:33
LH:33
BRDA:39,0,0,22
BRDA:39,0,1,22
BRDA:54,1,0,20
BRDA:54,1,1,5
BRDA:60,2,0,8
BRDA:60,2,1,6
BRDA:60,2,2,6
BRDA:60,2,3,2
BRDA:71,3,0,15
BRDA:71,3,1,0
BRDA:84,4,0,6
BRDA:84,4,1,1
BRDA:98,5,0,15
BRDA:98,5,1,0
BRDA:99,6,0,10
BRDA:99,6,1,5
BRDA:105,7,0,0
BRDA:105,7,1,10
BRF:18
BRH:15
end_of_record
TN:
SF:src/crypto.js
FN:7,(anonymous_0)
FN:13,generateKeyPair
FN:30,exportKey
FN:48,importKey
FN:76,signMessage
FN:115,verifyMessage
FN:121,(anonymous_6)
FN:146,computeHash
FN:152,(anonymous_8)
FN:166,createMerkleRoot
FN:168,(anonymous_10)
FNF:11
FNH:11
FNDA:2,(anonymous_0)
FNDA:1,generateKeyPair
FNDA:1,exportKey
FNDA:2,importKey
FNDA:16,signMessage
FNDA:19,verifyMessage
FNDA:5,(anonymous_6)
FNDA:32,computeHash
FNDA:2,(anonymous_8)
FNDA:7,createMerkleRoot
FNDA:12,(anonymous_10)
DA:6,5
DA:7,5
DA:14,1
DA:15,1
DA:21,0
DA:31,1
DA:32,1
DA:33,1
DA:34,1
DA:36,0
DA:49,2
DA:50,1
DA:51,1
DA:52,3
DA:54,1
DA:64,1
DA:77,16
DA:78,16
DA:80,16
DA:81,1
DA:86,1
DA:88,15
DA:89,15
DA:93,15
DA:94,15
DA:95,15
DA:96,15
DA:97,15
DA:116,19
DA:117,19
DA:119,19
DA:120,2
DA:121,5
DA:122,2
DA:129,1
DA:130,1
DA:133,17
DA:134,17
DA:135,17
DA:137,17
DA:138,17
DA:139,16
DA:147,32
DA:148,32
DA:149,32
DA:150,1
DA:151,1
DA:152,2
DA:154,31
DA:155,31
DA:167,7
DA:168,12
DA:170,6
DA:171,6
DA:172,6
DA:173,7
DA:174,7
DA:175,7
DA:177,6
DA:179,6
LF:60
LH:58
BRDA:14,0,0,1
BRDA:14,0,1,0
BRDA:31,1,0,1
BRDA:31,1,1,0
BRDA:32,2,0,0
BRDA:32,2,1,1
BRDA:49,3,0,1
BRDA:49,3,1,1
BRDA:55,4,0,0
BRDA:55,4,1,1
BRDA:59,5,0,0
BRDA:59,5,1,1
BRDA:80,6,0,1
BRDA:80,6,1,15
BRDA:89,7,0,15
BRDA:89,7,1,0
BRDA:93,8,0,0
BRDA:93,8,1,15
BRDA:119,9,0,2
BRDA:119,9,1,17
BRDA:135,10,0,17
BRDA:135,10,1,0
BRDA:149,11,0,1
BRDA:149,11,1,31
BRDA:167,12,0,1
BRDA:167,12,1,6
BRDA:174,13,0,7
BRDA:174,13,1,1
BRF:28
BRH:20
end_of_record
TN:
SF:src/iblt.js
FN:7,(anonymous_0)
FN:16,(anonymous_1)
FN:24,(anonymous_2)
FN:28,(anonymous_3)
FN:36,(anonymous_4)
FN:50,(anonymous_5)
FN:60,(anonymous_6)
FN:65,(anonymous_7)
FN:101,(anonymous_8)
FN:105,(anonymous_9)
FN:108,(anonymous_10)
FN:109,(anonymous_11)
FN:113,(anonymous_12)
FN:116,(anonymous_13)
FN:117,(anonymous_14)
FNF:15
FNH:15
FNDA:18,(anonymous_0)
FNDA:321,(anonymous_1)
FNDA:57,(anonymous_2)
FNDA:73,(anonymous_3)
FNDA:55,(anonymous_4)
FNDA:4,(anonymous_5)
FNDA:4,(anonymous_6)
FNDA:234,(anonymous_7)
FNDA:193,(anonymous_8)
FNDA:2,(anonymous_9)
FNDA:128,(anonymous_10)
FNDA:128,(anonymous_11)
FNDA:2,(anonymous_12)
FNDA:128,(anonymous_13)
FNDA:128,(anonymous_14)
DA:8,18
DA:9,18
DA:11,18
DA:12,18
DA:13,18
DA:17,321
DA:18,321
DA:19,321
DA:20,321
DA:21,321
DA:25,57
DA:29,73
DA:30,73
DA:31,547
DA:33,73
DA:37,55
DA:38,55
DA:39,55
DA:40,55
DA:41,220
DA:43,55
DA:44,171
DA:45,171
DA:46,171
DA:51,4
DA:52,4
DA:53,196
DA:54,196
DA:55,196
DA:57,4
DA:61,4
DA:62,4
DA:63,4
DA:65,4
DA:66,234
DA:67,26
DA:68,26
DA:70,26
DA:73,4
DA:74,196
DA:77,4
DA:78,18
DA:79,18
DA:81,5
DA:82,5
DA:83,5
DA:84,5
DA:86,5
DA:87,2
DA:89,5
DA:90,5
DA:91,20
DA:93,5
DA:94,20
DA:95,20
DA:96,20
DA:97,20
DA:101,193
DA:102,4
DA:106,2
DA:108,128
DA:109,128
DA:114,2
DA:115,2
DA:116,128
DA:117,128
DA:118,2
LF:67
LH:67
BRDA:7,0,0,10
BRDA:7,1,0,12
BRDA:37,2,0,54
BRDA:37,2,1,1
BRDA:66,3,0,208
BRDA:66,3,1,26
BRDA:74,4,0,16
BRDA:74,4,1,180
BRDA:79,5,0,13
BRDA:79,5,1,5
BRDA:86,6,0,3
BRDA:86,6,1,2
BRDA:97,7,0,2
BRDA:97,7,1,18
BRDA:113,8,0,2
BRF:15
BRH:15
end_of_record
TN:
SF:src/packer.js
FN:9,(anonymous_0)
FN:16,(anonymous_1)
FN:21,(anonymous_2)
FN:26,(anonymous_3)
FN:40,(anonymous_4)
FN:65,(anonymous_5)
FN:71,(anonymous_6)
FN:106,(anonymous_7)
FN:112,(anonymous_8)
FN:117,(anonymous_9)
FNF:10
FNH:10
FNDA:2,(anonymous_0)
FNDA:2,(anonymous_1)
FNDA:1,(anonymous_2)
FNDA:2,(anonymous_3)
FNDA:10,(anonymous_4)
FNDA:640,(anonymous_5)
FNDA:5,(anonymous_6)
FNDA:2,(anonymous_7)
FNDA:128,(anonymous_8)
FNDA:1,(anonymous_9)
DA:6,3
DA:7,3
DA:9,3
DA:10,2
DA:11,2
DA:12,2
DA:13,2
DA:16,3
DA:21,3
DA:22,1
DA:23,1
DA:26,3
DA:40,3
DA:41,10
DA:42,10
DA:45,10
DA:46,10
DA:48,10
DA:51,10
DA:52,10
DA:53,40
DA:56,10
DA:57,10
DA:60,10
DA:61,10
DA:62,10
DA:65,640
DA:66,10
DA:68,10
DA:71,3
DA:72,5
DA:75,5
DA:76,16
DA:77,5
DA:79,5
DA:82,5
DA:83,20
DA:85,5
DA:86,5
DA:89,5
DA:90,5
DA:91,5
DA:94,5
DA:96,5
DA:106,3
DA:107,2
DA:108,2
DA:109,2
DA:110,2
DA:111,2
DA:112,128
DA:113,2
DA:114,2
DA:117,3
DA:118,1
DA:119,1
DA:120,1
DA:121,1
DA:122,1
DA:123,1
LF:60
LH:60
BRDA:23,0,0,0
BRDA:23,0,1,1
BRDA:27,1,0,2
BRDA:27,1,1,1
BRDA:51,2,0,10
BRDA:51,2,1,2
BRDA:60,3,0,10
BRDA:60,3,1,0
BRDA:76,4,0,21
BRDA:76,4,1,21
BRF:10
BRH:8
end_of_record
TN:
SF:src/rules.js
FN:6,seededRNG
FN:8,(anonymous_1)
FN:17,hashStr
FN:32,getSeason
FN:36,getSeasonNumber
FN:94,transitionArc
FN:107,nextMood
FN:122,rollScarcity
FN:140,(anonymous_8)
FN:141,getMood
FN:149,getThreatLevel
FN:153,deriveWorldState
FN:176,deriveNarrative
FN:199,resolveAttack
FN:204,rollLoot
FN:207,(anonymous_15)
FN:210,xpToLevel
FN:214,levelBonus
FN:234,(anonymous_18)
FN:283,validateMove
FNF:20
FNH:20
FNDA:1438,seededRNG
FNDA:2770,(anonymous_1)
FNDA:1355,hashStr
FNDA:231,getSeason
FNDA:219,getSeasonNumber
FNDA:2,transitionArc
FNDA:1113,nextMood
FNDA:220,rollScarcity
FNDA:102,(anonymous_8)
FNDA:349,getMood
FNDA:231,getThreatLevel
FNDA:215,deriveWorldState
FNDA:43,deriveNarrative
FNDA:36,resolveAttack
FNDA:22,rollLoot
FNDA:64,(anonymous_15)
FNDA:9,xpToLevel
FNDA:4,levelBonus
FNDA:8,(anonymous_18)
FNDA:3,validateMove
DA:7,1438
DA:8,1438
DA:9,2770
DA:10,2770
DA:11,2770
DA:12,2770
DA:13,2770
DA:18,1355
DA:19,1355
DA:20,30300
DA:21,30300
DA:22,30300
DA:24,1355
DA:29,4
DA:30,4
DA:33,231
DA:37,219
DA:42,4
DA:77,4
DA:85,4
DA:87,4
DA:95,2
DA:96,2
DA:101,4
DA:108,1113
DA:109,1113
DA:110,1113
DA:111,1113
DA:112,2258
DA:113,2258
DA:115,0
DA:120,4
DA:123,220
DA:124,220
DA:126,220
DA:127,1100
DA:128,1100
DA:130,220
DA:135,4
DA:136,4
DA:139,4
DA:140,102
DA:142,349
DA:143,349
DA:144,349
DA:145,978
DA:146,349
DA:150,231
DA:154,215
DA:155,215
DA:156,215
DA:167,4
DA:177,43
DA:178,43
DA:183,4
DA:189,4
DA:200,36
DA:201,36
DA:205,22
DA:206,22
DA:207,64
DA:211,9
DA:215,4
DA:222,4
DA:233,4
DA:234,8
DA:238,4
DA:284,3
LF:68
LH:67
BRDA:8,0,0,60
BRDA:13,1,0,60
BRDA:13,1,1,2710
BRDA:96,2,0,1
BRDA:96,2,1,1
BRDA:109,3,0,1113
BRDA:109,3,1,1
BRDA:113,4,0,1113
BRDA:113,4,1,1145
BRDA:143,5,0,27
BRDA:143,5,1,322
BRDA:146,6,0,349
BRDA:146,6,1,1
BRDA:206,7,0,0
BRDA:206,7,1,22
BRDA:284,8,0,3
BRDA:284,8,1,2
BRF:17
BRH:16
end_of_record
